<?xml version="1.0" encoding="UTF-8"?>
<testsuite xmlns:xsi="http://www.w3.org/2001/XMLSchema-instance" xsi:noNamespaceSchemaLocation="https://maven.apache.org/surefire/maven-surefire-plugin/xsd/surefire-test-report.xsd" version="3.0.2" name="com.app.JWTImplementation.JwtImplementationApplicationTests" time="9.168" tests="1" errors="0" skipped="0" failures="0">
  <properties>
[...]
</properties>
  <testcase name="contextLoads" classname="com.app.JWTImplementation.JwtImplementationApplicationTests" time="0.429">
    <system-out><![CDATA[09:23:52.339 [main] INFO org.springframework.test.context.support.AnnotationConfigContextLoaderUtils -- Could not detect default configuration classes for test class [com.app.JWTImplementation.JwtImplementationApplicationTests]: JwtImplementationApplicationTests does not declare any static, non-private, non-final, nested classes annotated with @Configuration.
09:23:52.465 [main] INFO org.springframework.boot.test.context.SpringBootTestContextBootstrapper -- Found @SpringBootConfiguration com.app.JWTImplementation.JwtImplementationApplication for test class com.app.JWTImplementation.JwtImplementationApplicationTests
09:23:52.673 [main] INFO org.springframework.boot.devtools.restart.RestartApplicationListener -- Restart disabled due to context in which it is running

  .   ____          _            __ _ _
 /\\ / ___'_ __ _ _(_)_ __  __ _ \ \ \ \
( ( )\___ | '_ | '_| | '_ \/ _` | \ \ \ \
 \\/  ___)| |_)| | | | | || (_| |  ) ) ) )
  '  |____| .__|_| |_|_| |_\__, | / / / /
 =========|_|==============|___/=/_/_/_/

 :: Spring Boot ::                (v3.4.4)

2025-05-02T09:23:52.965-03:00  INFO 7000 --- [JWTImplementation] [           main] c.a.J.JwtImplementationApplicationTests  : Starting JwtImplementationApplicationTests using Java 17.0.6 with PID 7000 (started by Diego in D:\Documents\TUP-2año\Metodologia-de-Sistemas-1\TPI_SPA_WEB_API_REST)
2025-05-02T09:23:52.968-03:00 DEBUG 7000 --- [JWTImplementation] [           main] c.a.J.JwtImplementationApplicationTests  : Running with Spring Boot v3.4.4, Spring v6.2.5
2025-05-02T09:23:52.968-03:00  INFO 7000 --- [JWTImplementation] [           main] c.a.J.JwtImplementationApplicationTests  : The following 1 profile is active: "prod"
2025-05-02T09:23:54.056-03:00  INFO 7000 --- [JWTImplementation] [           main] .s.d.r.c.RepositoryConfigurationDelegate : Bootstrapping Spring Data JPA repositories in DEFAULT mode.
2025-05-02T09:23:54.146-03:00  INFO 7000 --- [JWTImplementation] [           main] .s.d.r.c.RepositoryConfigurationDelegate : Finished Spring Data repository scanning in 69 ms. Found 4 JPA repository interfaces.
2025-05-02T09:23:54.748-03:00  INFO 7000 --- [JWTImplementation] [           main] o.hibernate.jpa.internal.util.LogHelper  : HHH000204: Processing PersistenceUnitInfo [name: default]
2025-05-02T09:23:54.795-03:00  INFO 7000 --- [JWTImplementation] [           main] org.hibernate.Version                    : HHH000412: Hibernate ORM core version 6.6.11.Final
2025-05-02T09:23:54.855-03:00  INFO 7000 --- [JWTImplementation] [           main] o.h.c.internal.RegionFactoryInitiator    : HHH000026: Second-level cache disabled
2025-05-02T09:23:55.234-03:00  INFO 7000 --- [JWTImplementation] [           main] o.s.o.j.p.SpringPersistenceUnitInfo      : No LoadTimeWeaver setup: ignoring JPA class transformer
2025-05-02T09:23:55.274-03:00  INFO 7000 --- [JWTImplementation] [           main] com.zaxxer.hikari.HikariDataSource       : HikariPool-1 - Starting...
2025-05-02T09:23:56.107-03:00  INFO 7000 --- [JWTImplementation] [           main] com.zaxxer.hikari.pool.HikariPool        : HikariPool-1 - Added connection com.mysql.cj.jdbc.ConnectionImpl@350342e0
2025-05-02T09:23:56.113-03:00  INFO 7000 --- [JWTImplementation] [           main] com.zaxxer.hikari.HikariDataSource       : HikariPool-1 - Start completed.
2025-05-02T09:23:56.208-03:00  WARN 7000 --- [JWTImplementation] [           main] org.hibernate.orm.deprecation            : HHH90000025: MySQL8Dialect does not need to be specified explicitly using 'hibernate.dialect' (remove the property setting and it will be selected by default)
2025-05-02T09:23:56.210-03:00  WARN 7000 --- [JWTImplementation] [           main] org.hibernate.orm.deprecation            : HHH90000026: MySQL8Dialect has been deprecated; use org.hibernate.dialect.MySQLDialect instead
2025-05-02T09:23:56.228-03:00  INFO 7000 --- [JWTImplementation] [           main] org.hibernate.orm.connections.pooling    : HHH10001005: Database info:
	Database JDBC URL [Connecting through datasource 'HikariDataSource (HikariPool-1)']
	Database driver: undefined/unknown
	Database version: 8.0
	Autocommit mode: undefined/unknown
	Isolation level: undefined/unknown
	Minimum pool size: undefined/unknown
	Maximum pool size: undefined/unknown
2025-05-02T09:23:57.151-03:00  INFO 7000 --- [JWTImplementation] [           main] o.h.e.t.j.p.i.JtaPlatformInitiator       : HHH000489: No JTA platform available (set 'hibernate.transaction.jta.platform' to enable JTA platform integration)
2025-05-02T09:23:57.990-03:00  INFO 7000 --- [JWTImplementation] [           main] j.LocalContainerEntityManagerFactoryBean : Initialized JPA EntityManagerFactory for persistence unit 'default'
2025-05-02T09:23:58.374-03:00  INFO 7000 --- [JWTImplementation] [           main] o.s.d.j.r.query.QueryEnhancerFactory     : Hibernate is in classpath; If applicable, HQL parser will be used.
2025-05-02T09:23:59.247-03:00  INFO 7000 --- [JWTImplementation] [           main] eAuthenticationProviderManagerConfigurer : Global AuthenticationManager configured with AuthenticationProvider bean with name authenticationProvider
2025-05-02T09:23:59.247-03:00  WARN 7000 --- [JWTImplementation] [           main] r$InitializeUserDetailsManagerConfigurer : Global AuthenticationManager configured with an AuthenticationProvider bean. UserDetailsService beans will not be used by Spring Security for automatically configuring username/password login. Consider removing the AuthenticationProvider bean. Alternatively, consider using the UserDetailsService in a manually instantiated DaoAuthenticationProvider. If the current configuration is intentional, to turn off this warning, increase the logging level of 'org.springframework.security.config.annotation.authentication.configuration.InitializeUserDetailsBeanManagerConfigurer' to ERROR
2025-05-02T09:24:00.437-03:00 DEBUG 7000 --- [JWTImplementation] [           main] o.s.s.web.DefaultSecurityFilterChain     : Will secure any request with filters: DisableEncodeUrlFilter, WebAsyncManagerIntegrationFilter, SecurityContextHolderFilter, HeaderWriterFilter, CorsFilter, LogoutFilter, JwtAuthenticationFilter, RequestCacheAwareFilter, SecurityContextHolderAwareRequestFilter, AnonymousAuthenticationFilter, SessionManagementFilter, ExceptionTranslationFilter, AuthorizationFilter
2025-05-02T09:24:00.921-03:00  INFO 7000 --- [JWTImplementation] [           main] c.a.J.JwtImplementationApplicationTests  : Started JwtImplementationApplicationTests in 8.266 seconds (process running for 9.296)
]]></system-out>
  </testcase>
</testsuite>